{"/home/hossein/Desktop/myProjects/nuber-eats-backend/src/app.module.ts": {"path":"/home/hossein/Desktop/myProjects/nuber-eats-backend/src/app.module.ts","statementMap":{"0":{"start":{"line":1,"column":0},"end":{"line":1,"column":87}},"1":{"start":{"line":2,"column":0},"end":{"line":2,"column":48}},"2":{"start":{"line":3,"column":0},"end":{"line":3,"column":69}},"3":{"start":{"line":4,"column":0},"end":{"line":4,"column":48}},"4":{"start":{"line":5,"column":0},"end":{"line":5,"column":46}},"5":{"start":{"line":6,"column":0},"end":{"line":6,"column":27}},"6":{"start":{"line":7,"column":0},"end":{"line":7,"column":70}},"7":{"start":{"line":8,"column":0},"end":{"line":8,"column":51}},"8":{"start":{"line":9,"column":0},"end":{"line":9,"column":53}},"9":{"start":{"line":10,"column":0},"end":{"line":10,"column":45}},"10":{"start":{"line":11,"column":0},"end":{"line":11,"column":53}},"11":{"start":{"line":13,"column":0},"end":{"line":13,"column":68}},"12":{"start":{"line":14,"column":0},"end":{"line":14,"column":48}},"13":{"start":{"line":65,"column":0},"end":{"line":72,"column":null}},"14":{"start":{"line":67,"column":6},"end":{"line":70,"column":null}},"15":{"start":{"line":65,"column":13},"end":{"line":72,"column":null}},"16":{"start":{"line":48,"column":24},"end":{"line":48,"column":42}},"17":{"start":{"line":65,"column":13},"end":{"line":65,"column":22}}},"fnMap":{"0":{"name":"(anonymous_1)","decl":{"start":{"line":66,"column":2},"end":{"line":66,"column":11}},"loc":{"start":{"line":66,"column":40},"end":{"line":71,"column":3}}},"1":{"name":"(anonymous_2)","decl":{"start":{"line":48,"column":14},"end":{"line":48,"column":15}},"loc":{"start":{"line":48,"column":24},"end":{"line":48,"column":42}}}},"branchMap":{"0":{"loc":{"start":{"line":20,"column":18},"end":{"line":20,"column":69}},"type":"cond-expr","locations":[{"start":{"line":20,"column":47},"end":{"line":20,"column":57}},{"start":{"line":20,"column":58},"end":{"line":20,"column":69}}]}},"s":{"0":0,"1":0,"2":0,"3":0,"4":0,"5":0,"6":0,"7":0,"8":0,"9":0,"10":0,"11":0,"12":0,"13":0,"14":0,"15":0,"16":0,"17":0},"f":{"0":0,"1":0},"b":{"0":[0,0]}}
,"/home/hossein/Desktop/myProjects/nuber-eats-backend/src/main.ts": {"path":"/home/hossein/Desktop/myProjects/nuber-eats-backend/src/main.ts","statementMap":{"0":{"start":{"line":1,"column":0},"end":{"line":1,"column":43}},"1":{"start":{"line":2,"column":0},"end":{"line":2,"column":41}},"2":{"start":{"line":3,"column":0},"end":{"line":3,"column":48}},"3":{"start":{"line":7,"column":14},"end":{"line":7,"column":49}},"4":{"start":{"line":8,"column":2},"end":{"line":8,"column":null}},"5":{"start":{"line":9,"column":2},"end":{"line":9,"column":25}},"6":{"start":{"line":11,"column":0},"end":{"line":11,"column":12}}},"fnMap":{"0":{"name":"bootstrap","decl":{"start":{"line":6,"column":15},"end":{"line":6,"column":24}},"loc":{"start":{"line":6,"column":24},"end":{"line":10,"column":1}}}},"branchMap":{},"s":{"0":0,"1":0,"2":0,"3":0,"4":0,"5":0,"6":0},"f":{"0":0},"b":{}}
,"/home/hossein/Desktop/myProjects/nuber-eats-backend/src/auth/auth-user.decorator.ts": {"path":"/home/hossein/Desktop/myProjects/nuber-eats-backend/src/auth/auth-user.decorator.ts","statementMap":{"0":{"start":{"line":1,"column":0},"end":{"line":1,"column":72}},"1":{"start":{"line":2,"column":0},"end":{"line":2,"column":54}},"2":{"start":{"line":4,"column":13},"end":{"line":10,"column":2}},"3":{"start":{"line":6,"column":23},"end":{"line":6,"column":71}},"4":{"start":{"line":7,"column":17},"end":{"line":7,"column":35}},"5":{"start":{"line":8,"column":4},"end":{"line":8,"column":16}}},"fnMap":{"0":{"name":"(anonymous_0)","decl":{"start":{"line":5,"column":2},"end":{"line":5,"column":3}},"loc":{"start":{"line":5,"column":47},"end":{"line":9,"column":3}}}},"branchMap":{},"s":{"0":0,"1":0,"2":0,"3":0,"4":0,"5":0},"f":{"0":0},"b":{}}
,"/home/hossein/Desktop/myProjects/nuber-eats-backend/src/auth/auth.guard.ts": {"path":"/home/hossein/Desktop/myProjects/nuber-eats-backend/src/auth/auth.guard.ts","statementMap":{"0":{"start":{"line":1,"column":0},"end":{"line":1,"column":75}},"1":{"start":{"line":3,"column":0},"end":{"line":3,"column":54}},"2":{"start":{"line":9,"column":0},"end":{"line":19,"column":null}},"3":{"start":{"line":12,"column":24},"end":{"line":12,"column":72}},"4":{"start":{"line":13,"column":16},"end":{"line":13,"column":34}},"5":{"start":{"line":14,"column":5},"end":{"line":16,"column":null}},"6":{"start":{"line":15,"column":6},"end":{"line":15,"column":19}},"7":{"start":{"line":17,"column":5},"end":{"line":17,"column":17}},"8":{"start":{"line":9,"column":13},"end":{"line":19,"column":null}},"9":{"start":{"line":9,"column":13},"end":{"line":9,"column":22}}},"fnMap":{"0":{"name":"(anonymous_2)","decl":{"start":{"line":10,"column":2},"end":{"line":10,"column":17}},"loc":{"start":{"line":10,"column":2},"end":{"line":10,"column":18}}},"1":{"name":"(anonymous_3)","decl":{"start":{"line":11,"column":2},"end":{"line":11,"column":7}},"loc":{"start":{"line":11,"column":45},"end":{"line":18,"column":3}}}},"branchMap":{"0":{"loc":{"start":{"line":14,"column":5},"end":{"line":16,"column":null}},"type":"if","locations":[{"start":{"line":14,"column":5},"end":{"line":16,"column":null}}]}},"s":{"0":0,"1":0,"2":0,"3":0,"4":0,"5":0,"6":0,"7":0,"8":0,"9":0},"f":{"0":0,"1":0},"b":{"0":[0]}}
,"/home/hossein/Desktop/myProjects/nuber-eats-backend/src/auth/auth.module.ts": {"path":"/home/hossein/Desktop/myProjects/nuber-eats-backend/src/auth/auth.module.ts","statementMap":{"0":{"start":{"line":1,"column":0},"end":{"line":1,"column":40}},"1":{"start":{"line":4,"column":0},"end":{"line":4,"column":null}},"2":{"start":{"line":4,"column":13},"end":{"line":4,"column":null}},"3":{"start":{"line":4,"column":13},"end":{"line":4,"column":23}}},"fnMap":{},"branchMap":{},"s":{"0":0,"1":0,"2":0,"3":0},"f":{},"b":{}}
,"/home/hossein/Desktop/myProjects/nuber-eats-backend/src/common/common.module.ts": {"path":"/home/hossein/Desktop/myProjects/nuber-eats-backend/src/common/common.module.ts","statementMap":{"0":{"start":{"line":1,"column":0},"end":{"line":1,"column":40}},"1":{"start":{"line":4,"column":0},"end":{"line":4,"column":null}},"2":{"start":{"line":4,"column":13},"end":{"line":4,"column":null}},"3":{"start":{"line":4,"column":13},"end":{"line":4,"column":25}}},"fnMap":{},"branchMap":{},"s":{"0":0,"1":0,"2":0,"3":0},"f":{},"b":{}}
,"/home/hossein/Desktop/myProjects/nuber-eats-backend/src/common/dtos/output.dto.ts": {"path":"/home/hossein/Desktop/myProjects/nuber-eats-backend/src/common/dtos/output.dto.ts","statementMap":{"0":{"start":{"line":1,"column":0},"end":{"line":1,"column":52}},"1":{"start":{"line":4,"column":0},"end":{"line":10,"column":null}},"2":{"start":{"line":6,"column":2},"end":{"line":6,"column":null}},"3":{"start":{"line":5,"column":17},"end":{"line":5,"column":23}},"4":{"start":{"line":9,"column":2},"end":{"line":9,"column":null}},"5":{"start":{"line":8,"column":17},"end":{"line":8,"column":24}},"6":{"start":{"line":4,"column":13},"end":{"line":10,"column":null}},"7":{"start":{"line":4,"column":13},"end":{"line":4,"column":23}}},"fnMap":{"0":{"name":"(anonymous_2)","decl":{"start":{"line":5,"column":9},"end":{"line":5,"column":13}},"loc":{"start":{"line":5,"column":17},"end":{"line":5,"column":23}}},"1":{"name":"(anonymous_3)","decl":{"start":{"line":8,"column":9},"end":{"line":8,"column":13}},"loc":{"start":{"line":8,"column":17},"end":{"line":8,"column":24}}}},"branchMap":{},"s":{"0":0,"1":0,"2":0,"3":0,"4":0,"5":0,"6":0,"7":0},"f":{"0":0,"1":0},"b":{}}
,"/home/hossein/Desktop/myProjects/nuber-eats-backend/src/jwt/jwt.middleware.ts": {"path":"/home/hossein/Desktop/myProjects/nuber-eats-backend/src/jwt/jwt.middleware.ts","statementMap":{"0":{"start":{"line":1,"column":0},"end":{"line":1,"column":60}},"1":{"start":{"line":3,"column":0},"end":{"line":3,"column":55}},"2":{"start":{"line":4,"column":0},"end":{"line":4,"column":43}},"3":{"start":{"line":7,"column":0},"end":{"line":28,"column":null}},"4":{"start":{"line":9,"column":21},"end":{"line":9,"column":33}},"5":{"start":{"line":10,"column":21},"end":{"line":10,"column":34}},"6":{"start":{"line":14,"column":4},"end":{"line":25,"column":null}},"7":{"start":{"line":15,"column":20},"end":{"line":15,"column":40}},"8":{"start":{"line":16,"column":6},"end":{"line":24,"column":20}},"9":{"start":{"line":17,"column":24},"end":{"line":17,"column":64}},"10":{"start":{"line":18,"column":8},"end":{"line":23,"column":null}},"11":{"start":{"line":19,"column":31},"end":{"line":19,"column":77}},"12":{"start":{"line":20,"column":10},"end":{"line":22,"column":null}},"13":{"start":{"line":21,"column":12},"end":{"line":21,"column":31}},"14":{"start":{"line":26,"column":4},"end":{"line":26,"column":11}},"15":{"start":{"line":7,"column":13},"end":{"line":28,"column":null}},"16":{"start":{"line":7,"column":13},"end":{"line":7,"column":26}}},"fnMap":{"0":{"name":"(anonymous_2)","decl":{"start":{"line":8,"column":2},"end":{"line":8,"column":null}},"loc":{"start":{"line":10,"column":46},"end":{"line":11,"column":6}}},"1":{"name":"(anonymous_3)","decl":{"start":{"line":13,"column":2},"end":{"line":13,"column":7}},"loc":{"start":{"line":13,"column":59},"end":{"line":27,"column":3}}}},"branchMap":{"0":{"loc":{"start":{"line":14,"column":4},"end":{"line":25,"column":null}},"type":"if","locations":[{"start":{"line":14,"column":4},"end":{"line":25,"column":null}}]},"1":{"loc":{"start":{"line":18,"column":8},"end":{"line":23,"column":null}},"type":"if","locations":[{"start":{"line":18,"column":8},"end":{"line":23,"column":null}}]},"2":{"loc":{"start":{"line":18,"column":12},"end":{"line":18,"column":71}},"type":"binary-expr","locations":[{"start":{"line":18,"column":12},"end":{"line":18,"column":39}},{"start":{"line":18,"column":43},"end":{"line":18,"column":71}}]},"3":{"loc":{"start":{"line":20,"column":10},"end":{"line":22,"column":null}},"type":"if","locations":[{"start":{"line":20,"column":10},"end":{"line":22,"column":null}}]}},"s":{"0":0,"1":0,"2":0,"3":0,"4":0,"5":0,"6":0,"7":0,"8":0,"9":0,"10":0,"11":0,"12":0,"13":0,"14":0,"15":0,"16":0},"f":{"0":0,"1":0},"b":{"0":[0],"1":[0],"2":[0,0],"3":[0]}}
,"/home/hossein/Desktop/myProjects/nuber-eats-backend/src/jwt/jwt.module.ts": {"path":"/home/hossein/Desktop/myProjects/nuber-eats-backend/src/jwt/jwt.module.ts","statementMap":{"0":{"start":{"line":1,"column":0},"end":{"line":1,"column":63}},"1":{"start":{"line":2,"column":0},"end":{"line":2,"column":43}},"2":{"start":{"line":4,"column":0},"end":{"line":4,"column":61}},"3":{"start":{"line":8,"column":22},"end":{"line":22,"column":null}},"4":{"start":{"line":10,"column":4},"end":{"line":20,"column":6}},"5":{"start":{"line":8,"column":13},"end":{"line":22,"column":null}},"6":{"start":{"line":8,"column":13},"end":{"line":8,"column":22}}},"fnMap":{"0":{"name":"(anonymous_1)","decl":{"start":{"line":9,"column":2},"end":{"line":9,"column":8}},"loc":{"start":{"line":9,"column":41},"end":{"line":21,"column":3}}}},"branchMap":{},"s":{"0":0,"1":0,"2":0,"3":0,"4":0,"5":0,"6":0},"f":{"0":0},"b":{}}
,"/home/hossein/Desktop/myProjects/nuber-eats-backend/src/jwt/jwt.service.ts": {"path":"/home/hossein/Desktop/myProjects/nuber-eats-backend/src/jwt/jwt.service.ts","statementMap":{"0":{"start":{"line":1,"column":0},"end":{"line":1,"column":52}},"1":{"start":{"line":3,"column":0},"end":{"line":3,"column":61}},"2":{"start":{"line":4,"column":0},"end":{"line":4,"column":36}},"3":{"start":{"line":7,"column":0},"end":{"line":19,"column":null}},"4":{"start":{"line":9,"column":57},"end":{"line":9,"column":81}},"5":{"start":{"line":13,"column":8},"end":{"line":13,"column":null}},"6":{"start":{"line":17,"column":8},"end":{"line":17,"column":58}},"7":{"start":{"line":7,"column":13},"end":{"line":19,"column":null}},"8":{"start":{"line":7,"column":13},"end":{"line":7,"column":23}}},"fnMap":{"0":{"name":"(anonymous_4)","decl":{"start":{"line":9,"column":4},"end":{"line":9,"column":17}},"loc":{"start":{"line":9,"column":81},"end":{"line":10,"column":5}}},"1":{"name":"(anonymous_5)","decl":{"start":{"line":12,"column":4},"end":{"line":12,"column":8}},"loc":{"start":{"line":12,"column":23},"end":{"line":14,"column":5}}},"2":{"name":"(anonymous_6)","decl":{"start":{"line":16,"column":4},"end":{"line":16,"column":10}},"loc":{"start":{"line":16,"column":24},"end":{"line":18,"column":5}}}},"branchMap":{},"s":{"0":2,"1":2,"2":2,"3":2,"4":3,"5":1,"6":1,"7":2,"8":2},"f":{"0":3,"1":1,"2":1},"b":{}}
,"/home/hossein/Desktop/myProjects/nuber-eats-backend/src/mail/mail.module.ts": {"path":"/home/hossein/Desktop/myProjects/nuber-eats-backend/src/mail/mail.module.ts","statementMap":{"0":{"start":{"line":1,"column":0},"end":{"line":1,"column":63}},"1":{"start":{"line":2,"column":0},"end":{"line":2,"column":61}},"2":{"start":{"line":4,"column":0},"end":{"line":4,"column":45}},"3":{"start":{"line":8,"column":23},"end":{"line":22,"column":null}},"4":{"start":{"line":10,"column":4},"end":{"line":20,"column":6}},"5":{"start":{"line":8,"column":13},"end":{"line":22,"column":null}},"6":{"start":{"line":8,"column":13},"end":{"line":8,"column":23}}},"fnMap":{"0":{"name":"(anonymous_1)","decl":{"start":{"line":9,"column":2},"end":{"line":9,"column":8}},"loc":{"start":{"line":9,"column":43},"end":{"line":21,"column":3}}}},"branchMap":{},"s":{"0":0,"1":0,"2":0,"3":0,"4":0,"5":0,"6":0},"f":{"0":0},"b":{}}
,"/home/hossein/Desktop/myProjects/nuber-eats-backend/src/mail/mail.service.ts": {"path":"/home/hossein/Desktop/myProjects/nuber-eats-backend/src/mail/mail.service.ts","statementMap":{"0":{"start":{"line":1,"column":0},"end":{"line":1,"column":22}},"1":{"start":{"line":2,"column":0},"end":{"line":2,"column":38}},"2":{"start":{"line":3,"column":0},"end":{"line":3,"column":52}},"3":{"start":{"line":4,"column":0},"end":{"line":4,"column":61}},"4":{"start":{"line":8,"column":0},"end":{"line":42,"column":null}},"5":{"start":{"line":9,"column":55},"end":{"line":9,"column":81}},"6":{"start":{"line":13,"column":17},"end":{"line":13,"column":31}},"7":{"start":{"line":14,"column":4},"end":{"line":14,"column":80}},"8":{"start":{"line":15,"column":4},"end":{"line":15,"column":45}},"9":{"start":{"line":16,"column":4},"end":{"line":16,"column":36}},"10":{"start":{"line":17,"column":4},"end":{"line":17,"column":72}},"11":{"start":{"line":17,"column":30},"end":{"line":17,"column":70}},"12":{"start":{"line":18,"column":4},"end":{"line":33,"column":null}},"13":{"start":{"line":19,"column":6},"end":{"line":29,"column":8}},"14":{"start":{"line":30,"column":6},"end":{"line":30,"column":18}},"15":{"start":{"line":32,"column":6},"end":{"line":32,"column":19}},"16":{"start":{"line":37,"column":4},"end":{"line":40,"column":7}},"17":{"start":{"line":8,"column":13},"end":{"line":42,"column":null}},"18":{"start":{"line":8,"column":13},"end":{"line":8,"column":24}}},"fnMap":{"0":{"name":"(anonymous_4)","decl":{"start":{"line":9,"column":2},"end":{"line":9,"column":15}},"loc":{"start":{"line":9,"column":81},"end":{"line":10,"column":3}}},"1":{"name":"(anonymous_5)","decl":{"start":{"line":12,"column":2},"end":{"line":12,"column":7}},"loc":{"start":{"line":12,"column":55},"end":{"line":34,"column":3}}},"2":{"name":"(anonymous_6)","decl":{"start":{"line":17,"column":22},"end":{"line":17,"column":26}},"loc":{"start":{"line":17,"column":30},"end":{"line":17,"column":70}}},"3":{"name":"(anonymous_7)","decl":{"start":{"line":36,"column":2},"end":{"line":36,"column":23}},"loc":{"start":{"line":36,"column":51},"end":{"line":41,"column":3}}}},"branchMap":{},"s":{"0":2,"1":2,"2":2,"3":2,"4":2,"5":4,"6":2,"7":2,"8":2,"9":2,"10":2,"11":0,"12":2,"13":2,"14":1,"15":1,"16":1,"17":2,"18":2},"f":{"0":4,"1":2,"2":0,"3":1},"b":{}}
,"/home/hossein/Desktop/myProjects/nuber-eats-backend/src/restaurants/restaurants.module.ts": {"path":"/home/hossein/Desktop/myProjects/nuber-eats-backend/src/restaurants/restaurants.module.ts","statementMap":{"0":{"start":{"line":1,"column":0},"end":{"line":1,"column":40}},"1":{"start":{"line":2,"column":0},"end":{"line":2,"column":60}},"2":{"start":{"line":3,"column":0},"end":{"line":3,"column":48}},"3":{"start":{"line":4,"column":0},"end":{"line":4,"column":58}},"4":{"start":{"line":5,"column":0},"end":{"line":5,"column":58}},"5":{"start":{"line":11,"column":0},"end":{"line":11,"column":null}},"6":{"start":{"line":11,"column":13},"end":{"line":11,"column":null}},"7":{"start":{"line":11,"column":13},"end":{"line":11,"column":30}}},"fnMap":{},"branchMap":{},"s":{"0":0,"1":0,"2":0,"3":0,"4":0,"5":0,"6":0,"7":0},"f":{},"b":{}}
,"/home/hossein/Desktop/myProjects/nuber-eats-backend/src/restaurants/restaurants.resolver.ts": {"path":"/home/hossein/Desktop/myProjects/nuber-eats-backend/src/restaurants/restaurants.resolver.ts","statementMap":{"0":{"start":{"line":1,"column":0},"end":{"line":1,"column":64}},"1":{"start":{"line":2,"column":0},"end":{"line":2,"column":58}},"2":{"start":{"line":3,"column":0},"end":{"line":3,"column":67}},"3":{"start":{"line":4,"column":0},"end":{"line":4,"column":58}},"4":{"start":{"line":5,"column":0},"end":{"line":5,"column":67}},"5":{"start":{"line":9,"column":0},"end":{"line":42,"column":null}},"6":{"start":{"line":11,"column":33},"end":{"line":11,"column":51}},"7":{"start":{"line":16,"column":8},"end":{"line":21,"column":null}},"8":{"start":{"line":17,"column":12},"end":{"line":17,"column":57}},"9":{"start":{"line":20,"column":12},"end":{"line":20,"column":25}},"10":{"start":{"line":26,"column":8},"end":{"line":30,"column":null}},"11":{"start":{"line":27,"column":12},"end":{"line":27,"column":86}},"12":{"start":{"line":29,"column":12},"end":{"line":29,"column":25}},"13":{"start":{"line":36,"column":8},"end":{"line":40,"column":null}},"14":{"start":{"line":37,"column":12},"end":{"line":37,"column":86}},"15":{"start":{"line":39,"column":12},"end":{"line":39,"column":25}},"16":{"start":{"line":15,"column":4},"end":{"line":22,"column":null}},"17":{"start":{"line":14,"column":20},"end":{"line":14,"column":32}},"18":{"start":{"line":25,"column":4},"end":{"line":31,"column":null}},"19":{"start":{"line":24,"column":24},"end":{"line":24,"column":31}},"20":{"start":{"line":34,"column":4},"end":{"line":41,"column":null}},"21":{"start":{"line":33,"column":24},"end":{"line":33,"column":31}},"22":{"start":{"line":9,"column":13},"end":{"line":42,"column":null}},"23":{"start":{"line":8,"column":14},"end":{"line":8,"column":24}},"24":{"start":{"line":9,"column":13},"end":{"line":9,"column":31}}},"fnMap":{"0":{"name":"(anonymous_4)","decl":{"start":{"line":11,"column":4},"end":{"line":11,"column":33}},"loc":{"start":{"line":11,"column":68},"end":{"line":12,"column":5}}},"1":{"name":"(anonymous_5)","decl":{"start":{"line":15,"column":4},"end":{"line":15,"column":9}},"loc":{"start":{"line":15,"column":21},"end":{"line":22,"column":5}}},"2":{"name":"(anonymous_6)","decl":{"start":{"line":25,"column":4},"end":{"line":25,"column":9}},"loc":{"start":{"line":25,"column":81},"end":{"line":31,"column":5}}},"3":{"name":"(anonymous_7)","decl":{"start":{"line":34,"column":4},"end":{"line":34,"column":9}},"loc":{"start":{"line":35,"column":62},"end":{"line":41,"column":5}}},"4":{"name":"(anonymous_8)","decl":{"start":{"line":14,"column":11},"end":{"line":14,"column":18}},"loc":{"start":{"line":14,"column":20},"end":{"line":14,"column":32}}},"5":{"name":"(anonymous_9)","decl":{"start":{"line":24,"column":14},"end":{"line":24,"column":21}},"loc":{"start":{"line":24,"column":24},"end":{"line":24,"column":31}}},"6":{"name":"(anonymous_10)","decl":{"start":{"line":33,"column":14},"end":{"line":33,"column":21}},"loc":{"start":{"line":33,"column":24},"end":{"line":33,"column":31}}},"7":{"name":"(anonymous_11)","decl":{"start":{"line":8,"column":10},"end":{"line":8,"column":12}},"loc":{"start":{"line":8,"column":14},"end":{"line":8,"column":24}}}},"branchMap":{},"s":{"0":0,"1":0,"2":0,"3":0,"4":0,"5":0,"6":0,"7":0,"8":0,"9":0,"10":0,"11":0,"12":0,"13":0,"14":0,"15":0,"16":0,"17":0,"18":0,"19":0,"20":0,"21":0,"22":0,"23":0,"24":0},"f":{"0":0,"1":0,"2":0,"3":0,"4":0,"5":0,"6":0,"7":0},"b":{}}
,"/home/hossein/Desktop/myProjects/nuber-eats-backend/src/restaurants/restaurants.service.ts": {"path":"/home/hossein/Desktop/myProjects/nuber-eats-backend/src/restaurants/restaurants.service.ts","statementMap":{"0":{"start":{"line":1,"column":0},"end":{"line":1,"column":44}},"1":{"start":{"line":2,"column":0},"end":{"line":2,"column":58}},"2":{"start":{"line":3,"column":0},"end":{"line":3,"column":51}},"3":{"start":{"line":4,"column":0},"end":{"line":4,"column":37}},"4":{"start":{"line":9,"column":0},"end":{"line":29,"column":null}},"5":{"start":{"line":11,"column":63},"end":{"line":11,"column":75}},"6":{"start":{"line":16,"column":8},"end":{"line":16,"column":45}},"7":{"start":{"line":20,"column":28},"end":{"line":20,"column":77}},"8":{"start":{"line":21,"column":8},"end":{"line":21,"column":51}},"9":{"start":{"line":22,"column":8},"end":{"line":22,"column":20}},"10":{"start":{"line":26,"column":8},"end":{"line":26,"column":92}},"11":{"start":{"line":27,"column":8},"end":{"line":27,"column":20}},"12":{"start":{"line":9,"column":13},"end":{"line":29,"column":null}},"13":{"start":{"line":9,"column":13},"end":{"line":9,"column":30}}},"fnMap":{"0":{"name":"(anonymous_4)","decl":{"start":{"line":11,"column":4},"end":{"line":11,"column":17}},"loc":{"start":{"line":11,"column":97},"end":{"line":13,"column":5}}},"1":{"name":"(anonymous_5)","decl":{"start":{"line":15,"column":4},"end":{"line":15,"column":9}},"loc":{"start":{"line":15,"column":16},"end":{"line":17,"column":5}}},"2":{"name":"(anonymous_6)","decl":{"start":{"line":19,"column":4},"end":{"line":19,"column":9}},"loc":{"start":{"line":19,"column":66},"end":{"line":23,"column":5}}},"3":{"name":"(anonymous_7)","decl":{"start":{"line":25,"column":4},"end":{"line":25,"column":9}},"loc":{"start":{"line":25,"column":66},"end":{"line":28,"column":5}}}},"branchMap":{},"s":{"0":0,"1":0,"2":0,"3":0,"4":0,"5":0,"6":0,"7":0,"8":0,"9":0,"10":0,"11":0,"12":0,"13":0},"f":{"0":0,"1":0,"2":0,"3":0},"b":{}}
,"/home/hossein/Desktop/myProjects/nuber-eats-backend/src/restaurants/dtos/create-restaurant.dto.ts": {"path":"/home/hossein/Desktop/myProjects/nuber-eats-backend/src/restaurants/dtos/create-restaurant.dto.ts","statementMap":{"0":{"start":{"line":1,"column":0},"end":{"line":1,"column":70}},"1":{"start":{"line":3,"column":0},"end":{"line":3,"column":59}},"2":{"start":{"line":6,"column":0},"end":{"line":7,"column":null}},"3":{"start":{"line":6,"column":13},"end":{"line":7,"column":null}},"4":{"start":{"line":6,"column":13},"end":{"line":6,"column":32}}},"fnMap":{},"branchMap":{},"s":{"0":0,"1":0,"2":0,"3":0,"4":0},"f":{},"b":{}}
,"/home/hossein/Desktop/myProjects/nuber-eats-backend/src/restaurants/dtos/update-restaurant.dto.ts": {"path":"/home/hossein/Desktop/myProjects/nuber-eats-backend/src/restaurants/dtos/update-restaurant.dto.ts","statementMap":{"0":{"start":{"line":1,"column":0},"end":{"line":1,"column":73}},"1":{"start":{"line":2,"column":0},"end":{"line":2,"column":62}},"2":{"start":{"line":6,"column":0},"end":{"line":8,"column":null}},"3":{"start":{"line":6,"column":6},"end":{"line":8,"column":null}},"4":{"start":{"line":11,"column":0},"end":{"line":17,"column":null}},"5":{"start":{"line":13,"column":4},"end":{"line":13,"column":null}},"6":{"start":{"line":12,"column":17},"end":{"line":12,"column":23}},"7":{"start":{"line":16,"column":4},"end":{"line":16,"column":null}},"8":{"start":{"line":15,"column":17},"end":{"line":15,"column":42}},"9":{"start":{"line":11,"column":13},"end":{"line":17,"column":null}},"10":{"start":{"line":11,"column":13},"end":{"line":11,"column":32}}},"fnMap":{"0":{"name":"(anonymous_2)","decl":{"start":{"line":12,"column":11},"end":{"line":12,"column":15}},"loc":{"start":{"line":12,"column":17},"end":{"line":12,"column":23}}},"1":{"name":"(anonymous_3)","decl":{"start":{"line":15,"column":11},"end":{"line":15,"column":15}},"loc":{"start":{"line":15,"column":17},"end":{"line":15,"column":42}}}},"branchMap":{},"s":{"0":0,"1":0,"2":0,"3":0,"4":0,"5":0,"6":0,"7":0,"8":0,"9":0,"10":0},"f":{"0":0,"1":0},"b":{}}
,"/home/hossein/Desktop/myProjects/nuber-eats-backend/src/users/users.module.ts": {"path":"/home/hossein/Desktop/myProjects/nuber-eats-backend/src/users/users.module.ts","statementMap":{"0":{"start":{"line":1,"column":0},"end":{"line":1,"column":40}},"1":{"start":{"line":2,"column":0},"end":{"line":2,"column":48}},"2":{"start":{"line":3,"column":0},"end":{"line":3,"column":47}},"3":{"start":{"line":4,"column":0},"end":{"line":4,"column":49}},"4":{"start":{"line":5,"column":0},"end":{"line":5,"column":47}},"5":{"start":{"line":8,"column":0},"end":{"line":8,"column":62}},"6":{"start":{"line":15,"column":0},"end":{"line":17,"column":null}},"7":{"start":{"line":15,"column":13},"end":{"line":17,"column":null}},"8":{"start":{"line":15,"column":13},"end":{"line":15,"column":24}}},"fnMap":{},"branchMap":{},"s":{"0":0,"1":0,"2":0,"3":0,"4":0,"5":0,"6":0,"7":0,"8":0},"f":{},"b":{}}
,"/home/hossein/Desktop/myProjects/nuber-eats-backend/src/users/users.resolver.ts": {"path":"/home/hossein/Desktop/myProjects/nuber-eats-backend/src/users/users.resolver.ts","statementMap":{"0":{"start":{"line":1,"column":0},"end":{"line":1,"column":75}},"1":{"start":{"line":2,"column":0},"end":{"line":2,"column":47}},"2":{"start":{"line":3,"column":0},"end":{"line":3,"column":47}},"3":{"start":{"line":4,"column":0},"end":{"line":4,"column":84}},"4":{"start":{"line":5,"column":0},"end":{"line":5,"column":59}},"5":{"start":{"line":6,"column":0},"end":{"line":6,"column":43}},"6":{"start":{"line":7,"column":0},"end":{"line":7,"column":48}},"7":{"start":{"line":8,"column":0},"end":{"line":8,"column":56}},"8":{"start":{"line":9,"column":0},"end":{"line":9,"column":78}},"9":{"start":{"line":10,"column":0},"end":{"line":10,"column":78}},"10":{"start":{"line":11,"column":0},"end":{"line":11,"column":78}},"11":{"start":{"line":14,"column":0},"end":{"line":53,"column":null}},"12":{"start":{"line":16,"column":33},"end":{"line":16,"column":46}},"13":{"start":{"line":21,"column":8},"end":{"line":21,"column":73}},"14":{"start":{"line":26,"column":6},"end":{"line":26,"column":55}},"15":{"start":{"line":32,"column":8},"end":{"line":32,"column":24}},"16":{"start":{"line":38,"column":8},"end":{"line":38,"column":73}},"17":{"start":{"line":46,"column":6},"end":{"line":46,"column":80}},"18":{"start":{"line":51,"column":4},"end":{"line":51,"column":47}},"19":{"start":{"line":20,"column":4},"end":{"line":22,"column":null}},"20":{"start":{"line":19,"column":24},"end":{"line":19,"column":43}},"21":{"start":{"line":25,"column":4},"end":{"line":27,"column":null}},"22":{"start":{"line":24,"column":25},"end":{"line":24,"column":36}},"23":{"start":{"line":31,"column":4},"end":{"line":33,"column":null}},"24":{"start":{"line":29,"column":22},"end":{"line":29,"column":27}},"25":{"start":{"line":37,"column":4},"end":{"line":39,"column":null}},"26":{"start":{"line":36,"column":22},"end":{"line":36,"column":39}},"27":{"start":{"line":43,"column":4},"end":{"line":47,"column":null}},"28":{"start":{"line":41,"column":25},"end":{"line":41,"column":42}},"29":{"start":{"line":50,"column":4},"end":{"line":52,"column":null}},"30":{"start":{"line":49,"column":25},"end":{"line":49,"column":42}},"31":{"start":{"line":14,"column":13},"end":{"line":53,"column":null}},"32":{"start":{"line":13,"column":14},"end":{"line":13,"column":19}},"33":{"start":{"line":14,"column":13},"end":{"line":14,"column":26}}},"fnMap":{"0":{"name":"(anonymous_4)","decl":{"start":{"line":16,"column":4},"end":{"line":16,"column":33}},"loc":{"start":{"line":16,"column":58},"end":{"line":17,"column":5}}},"1":{"name":"(anonymous_5)","decl":{"start":{"line":20,"column":4},"end":{"line":20,"column":9}},"loc":{"start":{"line":20,"column":76},"end":{"line":22,"column":5}}},"2":{"name":"(anonymous_6)","decl":{"start":{"line":25,"column":4},"end":{"line":25,"column":9}},"loc":{"start":{"line":25,"column":53},"end":{"line":27,"column":5}}},"3":{"name":"(anonymous_7)","decl":{"start":{"line":31,"column":4},"end":{"line":31,"column":6}},"loc":{"start":{"line":31,"column":33},"end":{"line":33,"column":5}}},"4":{"name":"(anonymous_8)","decl":{"start":{"line":37,"column":4},"end":{"line":37,"column":9}},"loc":{"start":{"line":37,"column":63},"end":{"line":39,"column":5}}},"5":{"name":"(anonymous_9)","decl":{"start":{"line":43,"column":4},"end":{"line":43,"column":9}},"loc":{"start":{"line":45,"column":55},"end":{"line":47,"column":5}}},"6":{"name":"(anonymous_10)","decl":{"start":{"line":50,"column":4},"end":{"line":50,"column":15}},"loc":{"start":{"line":50,"column":58},"end":{"line":52,"column":3}}},"7":{"name":"(anonymous_11)","decl":{"start":{"line":19,"column":14},"end":{"line":19,"column":21}},"loc":{"start":{"line":19,"column":24},"end":{"line":19,"column":43}}},"8":{"name":"(anonymous_12)","decl":{"start":{"line":24,"column":14},"end":{"line":24,"column":21}},"loc":{"start":{"line":24,"column":25},"end":{"line":24,"column":36}}},"9":{"name":"(anonymous_13)","decl":{"start":{"line":29,"column":11},"end":{"line":29,"column":18}},"loc":{"start":{"line":29,"column":22},"end":{"line":29,"column":27}}},"10":{"name":"(anonymous_14)","decl":{"start":{"line":36,"column":11},"end":{"line":36,"column":18}},"loc":{"start":{"line":36,"column":22},"end":{"line":36,"column":39}}},"11":{"name":"(anonymous_15)","decl":{"start":{"line":41,"column":14},"end":{"line":41,"column":21}},"loc":{"start":{"line":41,"column":25},"end":{"line":41,"column":42}}},"12":{"name":"(anonymous_16)","decl":{"start":{"line":49,"column":14},"end":{"line":49,"column":21}},"loc":{"start":{"line":49,"column":25},"end":{"line":49,"column":42}}},"13":{"name":"(anonymous_17)","decl":{"start":{"line":13,"column":10},"end":{"line":13,"column":12}},"loc":{"start":{"line":13,"column":14},"end":{"line":13,"column":19}}}},"branchMap":{},"s":{"0":0,"1":0,"2":0,"3":0,"4":0,"5":0,"6":0,"7":0,"8":0,"9":0,"10":0,"11":0,"12":0,"13":0,"14":0,"15":0,"16":0,"17":0,"18":0,"19":0,"20":0,"21":0,"22":0,"23":0,"24":0,"25":0,"26":0,"27":0,"28":0,"29":0,"30":0,"31":0,"32":0,"33":0},"f":{"0":0,"1":0,"2":0,"3":0,"4":0,"5":0,"6":0,"7":0,"8":0,"9":0,"10":0,"11":0,"12":0,"13":0},"b":{}}
,"/home/hossein/Desktop/myProjects/nuber-eats-backend/src/users/users.service.ts": {"path":"/home/hossein/Desktop/myProjects/nuber-eats-backend/src/users/users.service.ts","statementMap":{"0":{"start":{"line":1,"column":0},"end":{"line":1,"column":51}},"1":{"start":{"line":2,"column":0},"end":{"line":2,"column":37}},"2":{"start":{"line":3,"column":0},"end":{"line":3,"column":47}},"3":{"start":{"line":4,"column":0},"end":{"line":4,"column":44}},"4":{"start":{"line":7,"column":0},"end":{"line":7,"column":49}},"5":{"start":{"line":10,"column":0},"end":{"line":10,"column":62}},"6":{"start":{"line":12,"column":0},"end":{"line":12,"column":52}},"7":{"start":{"line":15,"column":0},"end":{"line":122,"column":null}},"8":{"start":{"line":18,"column":48},"end":{"line":18,"column":54}},"9":{"start":{"line":19,"column":55},"end":{"line":19,"column":69}},"10":{"start":{"line":20,"column":23},"end":{"line":20,"column":34}},"11":{"start":{"line":21,"column":23},"end":{"line":21,"column":36}},"12":{"start":{"line":25,"column":8},"end":{"line":36,"column":null}},"13":{"start":{"line":26,"column":25},"end":{"line":26,"column":58}},"14":{"start":{"line":27,"column":12},"end":{"line":29,"column":null}},"15":{"start":{"line":28,"column":16},"end":{"line":28,"column":82}},"16":{"start":{"line":30,"column":23},"end":{"line":30,"column":86}},"17":{"start":{"line":31,"column":33},"end":{"line":31,"column":98}},"18":{"start":{"line":33,"column":12},"end":{"line":33,"column":29}},"19":{"start":{"line":35,"column":12},"end":{"line":35,"column":62}},"20":{"start":{"line":40,"column":8},"end":{"line":68,"column":null}},"21":{"start":{"line":41,"column":23},"end":{"line":43,"column":null}},"22":{"start":{"line":45,"column":10},"end":{"line":50,"column":null}},"23":{"start":{"line":46,"column":12},"end":{"line":49,"column":14}},"24":{"start":{"line":51,"column":34},"end":{"line":51,"column":68}},"25":{"start":{"line":52,"column":10},"end":{"line":57,"column":null}},"26":{"start":{"line":53,"column":12},"end":{"line":56,"column":14}},"27":{"start":{"line":58,"column":22},"end":{"line":58,"column":51}},"28":{"start":{"line":59,"column":10},"end":{"line":62,"column":12}},"29":{"start":{"line":64,"column":10},"end":{"line":67,"column":12}},"30":{"start":{"line":72,"column":6},"end":{"line":80,"column":null}},"31":{"start":{"line":73,"column":21},"end":{"line":73,"column":59}},"32":{"start":{"line":74,"column":8},"end":{"line":77,"column":10}},"33":{"start":{"line":79,"column":8},"end":{"line":79,"column":54}},"34":{"start":{"line":84,"column":6},"end":{"line":101,"column":null}},"35":{"start":{"line":85,"column":21},"end":{"line":85,"column":53}},"36":{"start":{"line":86,"column":8},"end":{"line":91,"column":null}},"37":{"start":{"line":87,"column":10},"end":{"line":87,"column":29}},"38":{"start":{"line":88,"column":10},"end":{"line":88,"column":30}},"39":{"start":{"line":89,"column":29},"end":{"line":89,"column":98}},"40":{"start":{"line":92,"column":8},"end":{"line":94,"column":null}},"41":{"start":{"line":93,"column":10},"end":{"line":93,"column":35}},"42":{"start":{"line":95,"column":8},"end":{"line":95,"column":36}},"43":{"start":{"line":96,"column":8},"end":{"line":98,"column":10}},"44":{"start":{"line":100,"column":8},"end":{"line":100,"column":65}},"45":{"start":{"line":105,"column":6},"end":{"line":120,"column":null}},"46":{"start":{"line":106,"column":29},"end":{"line":108,"column":null}},"47":{"start":{"line":110,"column":8},"end":{"line":116,"column":null}},"48":{"start":{"line":111,"column":10},"end":{"line":111,"column":44}},"49":{"start":{"line":112,"column":10},"end":{"line":112,"column":44}},"50":{"start":{"line":113,"column":10},"end":{"line":113,"column":51}},"51":{"start":{"line":114,"column":10},"end":{"line":114,"column":59}},"52":{"start":{"line":115,"column":10},"end":{"line":115,"column":30}},"53":{"start":{"line":117,"column":8},"end":{"line":117,"column":63}},"54":{"start":{"line":119,"column":8},"end":{"line":119,"column":63}},"55":{"start":{"line":15,"column":13},"end":{"line":122,"column":null}},"56":{"start":{"line":15,"column":13},"end":{"line":15,"column":25}}},"fnMap":{"0":{"name":"(anonymous_4)","decl":{"start":{"line":17,"column":4},"end":{"line":17,"column":null}},"loc":{"start":{"line":21,"column":47},"end":{"line":22,"column":5}}},"1":{"name":"(anonymous_5)","decl":{"start":{"line":24,"column":4},"end":{"line":24,"column":9}},"loc":{"start":{"line":24,"column":64},"end":{"line":37,"column":5}}},"2":{"name":"(anonymous_6)","decl":{"start":{"line":39,"column":4},"end":{"line":39,"column":9}},"loc":{"start":{"line":39,"column":47},"end":{"line":69,"column":5}}},"3":{"name":"(anonymous_7)","decl":{"start":{"line":71,"column":4},"end":{"line":71,"column":9}},"loc":{"start":{"line":71,"column":29},"end":{"line":81,"column":5}}},"4":{"name":"(anonymous_8)","decl":{"start":{"line":83,"column":4},"end":{"line":83,"column":9}},"loc":{"start":{"line":83,"column":75},"end":{"line":102,"column":5}}},"5":{"name":"(anonymous_9)","decl":{"start":{"line":104,"column":4},"end":{"line":104,"column":9}},"loc":{"start":{"line":104,"column":34},"end":{"line":121,"column":5}}}},"branchMap":{"0":{"loc":{"start":{"line":27,"column":12},"end":{"line":29,"column":null}},"type":"if","locations":[{"start":{"line":27,"column":12},"end":{"line":29,"column":null}}]},"1":{"loc":{"start":{"line":45,"column":10},"end":{"line":50,"column":null}},"type":"if","locations":[{"start":{"line":45,"column":10},"end":{"line":50,"column":null}}]},"2":{"loc":{"start":{"line":52,"column":10},"end":{"line":57,"column":null}},"type":"if","locations":[{"start":{"line":52,"column":10},"end":{"line":57,"column":null}}]},"3":{"loc":{"start":{"line":86,"column":8},"end":{"line":91,"column":null}},"type":"if","locations":[{"start":{"line":86,"column":8},"end":{"line":91,"column":null}}]},"4":{"loc":{"start":{"line":92,"column":8},"end":{"line":94,"column":null}},"type":"if","locations":[{"start":{"line":92,"column":8},"end":{"line":94,"column":null}}]},"5":{"loc":{"start":{"line":110,"column":8},"end":{"line":116,"column":null}},"type":"if","locations":[{"start":{"line":110,"column":8},"end":{"line":116,"column":null}}]}},"s":{"0":1,"1":1,"2":1,"3":1,"4":1,"5":1,"6":1,"7":1,"8":16,"9":16,"10":16,"11":16,"12":3,"13":3,"14":2,"15":1,"16":1,"17":1,"18":1,"19":1,"20":4,"21":4,"22":3,"23":1,"24":2,"25":2,"26":1,"27":1,"28":1,"29":1,"30":2,"31":2,"32":1,"33":1,"34":3,"35":3,"36":2,"37":1,"38":1,"39":1,"40":2,"41":1,"42":2,"43":2,"44":1,"45":3,"46":3,"47":2,"48":1,"49":1,"50":1,"51":1,"52":1,"53":1,"54":1,"55":1,"56":1},"f":{"0":16,"1":3,"2":4,"3":2,"4":3,"5":3},"b":{"0":[1],"1":[1],"2":[1],"3":[1],"4":[1],"5":[1]}}
,"/home/hossein/Desktop/myProjects/nuber-eats-backend/src/users/dtos/create-account.dto.ts": {"path":"/home/hossein/Desktop/myProjects/nuber-eats-backend/src/users/dtos/create-account.dto.ts","statementMap":{"0":{"start":{"line":1,"column":0},"end":{"line":1,"column":73}},"1":{"start":{"line":2,"column":0},"end":{"line":2,"column":48}},"2":{"start":{"line":3,"column":0},"end":{"line":3,"column":56}},"3":{"start":{"line":6,"column":0},"end":{"line":7,"column":null}},"4":{"start":{"line":6,"column":13},"end":{"line":7,"column":null}},"5":{"start":{"line":6,"column":13},"end":{"line":6,"column":31}},"6":{"start":{"line":10,"column":0},"end":{"line":11,"column":null}},"7":{"start":{"line":10,"column":13},"end":{"line":11,"column":null}},"8":{"start":{"line":10,"column":13},"end":{"line":10,"column":32}}},"fnMap":{},"branchMap":{},"s":{"0":0,"1":0,"2":0,"3":0,"4":0,"5":0,"6":0,"7":0,"8":0},"f":{},"b":{}}
,"/home/hossein/Desktop/myProjects/nuber-eats-backend/src/users/dtos/edit-profile.dto.ts": {"path":"/home/hossein/Desktop/myProjects/nuber-eats-backend/src/users/dtos/edit-profile.dto.ts","statementMap":{"0":{"start":{"line":1,"column":0},"end":{"line":1,"column":79}},"1":{"start":{"line":2,"column":0},"end":{"line":2,"column":56}},"2":{"start":{"line":3,"column":0},"end":{"line":3,"column":48}},"3":{"start":{"line":6,"column":0},"end":{"line":6,"column":null}},"4":{"start":{"line":6,"column":13},"end":{"line":6,"column":null}},"5":{"start":{"line":6,"column":13},"end":{"line":6,"column":30}},"6":{"start":{"line":9,"column":0},"end":{"line":9,"column":null}},"7":{"start":{"line":9,"column":13},"end":{"line":9,"column":null}},"8":{"start":{"line":9,"column":13},"end":{"line":9,"column":29}}},"fnMap":{},"branchMap":{},"s":{"0":0,"1":0,"2":0,"3":0,"4":0,"5":0,"6":0,"7":0,"8":0},"f":{},"b":{}}
,"/home/hossein/Desktop/myProjects/nuber-eats-backend/src/users/dtos/login.dto.ts": {"path":"/home/hossein/Desktop/myProjects/nuber-eats-backend/src/users/dtos/login.dto.ts","statementMap":{"0":{"start":{"line":1,"column":0},"end":{"line":1,"column":73}},"1":{"start":{"line":2,"column":0},"end":{"line":2,"column":56}},"2":{"start":{"line":3,"column":0},"end":{"line":3,"column":48}},"3":{"start":{"line":6,"column":0},"end":{"line":6,"column":null}},"4":{"start":{"line":6,"column":13},"end":{"line":6,"column":null}},"5":{"start":{"line":6,"column":13},"end":{"line":6,"column":23}},"6":{"start":{"line":9,"column":0},"end":{"line":12,"column":null}},"7":{"start":{"line":11,"column":2},"end":{"line":11,"column":null}},"8":{"start":{"line":10,"column":17},"end":{"line":10,"column":23}},"9":{"start":{"line":9,"column":13},"end":{"line":12,"column":null}},"10":{"start":{"line":9,"column":13},"end":{"line":9,"column":24}}},"fnMap":{"0":{"name":"(anonymous_2)","decl":{"start":{"line":10,"column":9},"end":{"line":10,"column":13}},"loc":{"start":{"line":10,"column":17},"end":{"line":10,"column":23}}}},"branchMap":{},"s":{"0":0,"1":0,"2":0,"3":0,"4":0,"5":0,"6":0,"7":0,"8":0,"9":0,"10":0},"f":{"0":0},"b":{}}
,"/home/hossein/Desktop/myProjects/nuber-eats-backend/src/users/dtos/user-profile.dto.ts": {"path":"/home/hossein/Desktop/myProjects/nuber-eats-backend/src/users/dtos/user-profile.dto.ts","statementMap":{"0":{"start":{"line":1,"column":0},"end":{"line":1,"column":62}},"1":{"start":{"line":2,"column":0},"end":{"line":2,"column":56}},"2":{"start":{"line":3,"column":0},"end":{"line":3,"column":48}},"3":{"start":{"line":6,"column":0},"end":{"line":9,"column":null}},"4":{"start":{"line":8,"column":2},"end":{"line":8,"column":null}},"5":{"start":{"line":7,"column":17},"end":{"line":7,"column":23}},"6":{"start":{"line":6,"column":13},"end":{"line":9,"column":null}},"7":{"start":{"line":6,"column":13},"end":{"line":6,"column":29}},"8":{"start":{"line":12,"column":0},"end":{"line":15,"column":null}},"9":{"start":{"line":14,"column":2},"end":{"line":14,"column":null}},"10":{"start":{"line":13,"column":17},"end":{"line":13,"column":22}},"11":{"start":{"line":12,"column":13},"end":{"line":15,"column":null}},"12":{"start":{"line":12,"column":13},"end":{"line":12,"column":30}}},"fnMap":{"0":{"name":"(anonymous_2)","decl":{"start":{"line":7,"column":9},"end":{"line":7,"column":13}},"loc":{"start":{"line":7,"column":17},"end":{"line":7,"column":23}}},"1":{"name":"(anonymous_3)","decl":{"start":{"line":13,"column":9},"end":{"line":13,"column":13}},"loc":{"start":{"line":13,"column":17},"end":{"line":13,"column":22}}}},"branchMap":{},"s":{"0":0,"1":0,"2":0,"3":0,"4":0,"5":0,"6":0,"7":0,"8":0,"9":0,"10":0,"11":0,"12":0},"f":{"0":0,"1":0},"b":{}}
,"/home/hossein/Desktop/myProjects/nuber-eats-backend/src/users/dtos/verify-email.dto.ts": {"path":"/home/hossein/Desktop/myProjects/nuber-eats-backend/src/users/dtos/verify-email.dto.ts","statementMap":{"0":{"start":{"line":1,"column":0},"end":{"line":1,"column":66}},"1":{"start":{"line":2,"column":0},"end":{"line":2,"column":56}},"2":{"start":{"line":3,"column":0},"end":{"line":3,"column":63}},"3":{"start":{"line":6,"column":0},"end":{"line":6,"column":null}},"4":{"start":{"line":6,"column":13},"end":{"line":6,"column":null}},"5":{"start":{"line":6,"column":13},"end":{"line":6,"column":30}},"6":{"start":{"line":9,"column":0},"end":{"line":9,"column":null}},"7":{"start":{"line":9,"column":13},"end":{"line":9,"column":null}},"8":{"start":{"line":9,"column":13},"end":{"line":9,"column":29}}},"fnMap":{},"branchMap":{},"s":{"0":0,"1":0,"2":0,"3":0,"4":0,"5":0,"6":0,"7":0,"8":0},"f":{},"b":{}}
}
